<?xml version="1.0" encoding="UTF-8"?>
<!-- Generated by org.testng.reporters.JUnitReportReporter -->
<testsuite hostname="DESKTOP-MNQ3CLO" failures="0" tests="1" name="testcases.Inventory_Page_Test" time="15.785" errors="0" timestamp="2023-12-26T12:23:31 IST" skipped="0">
  <testcase classname="testcases.Inventory_Page_Test" name="remove2productTest" time="15.785"/>
  <system-out>
    <![CDATA[number of product after removing=4]]>
  </system-out>
</testsuite> <!-- testcases.Inventory_Page_Test -->
