<?xml version="1.0" encoding="UTF-8"?>
<!-- Generated by org.testng.reporters.JUnitReportReporter -->
<testsuite hostname="DESKTOP-MNQ3CLO" failures="0" tests="4" name="testcases.CheckOut_Page1_Test" time="73.575" errors="0" timestamp="2023-12-28T11:25:17 IST" skipped="0">
  <testcase classname="testcases.CheckOut_Page1_Test" name="inputInfoTest" time="15.096">
    <system-out>
      <![CDATA[after pressing continue button we get=https://www.saucedemo.com/checkout-step-two.html]]>
    </system-out>
  </testcase> <!-- inputInfoTest -->
  <testcase classname="testcases.CheckOut_Page1_Test" name="verifyURLofCheckoutpage1Test" time="29.624">
    <system-out>
      <![CDATA[URL of the Checkoutpage1 is=https://www.saucedemo.com/checkout-step-one.html]]>
    </system-out>
  </testcase> <!-- verifyURLofCheckoutpage1Test -->
  <testcase classname="testcases.CheckOut_Page1_Test" name="verifyLableOfCheckoutPageTest" time="15.484"/>
  <testcase classname="testcases.CheckOut_Page1_Test" name="verifycancelbuttonTest" time="13.371">
    <system-out>
      <![CDATA[after pressing cancel button we get =https://www.saucedemo.com/cart.html]]>
    </system-out>
  </testcase> <!-- verifycancelbuttonTest -->
  <system-out>
    <![CDATA[after pressing continue button we get=https://www.saucedemo.com/checkout-step-two.html
URL of the Checkoutpage1 is=https://www.saucedemo.com/checkout-step-one.html
after pressing cancel button we get =https://www.saucedemo.com/cart.html]]>
  </system-out>
</testsuite> <!-- testcases.CheckOut_Page1_Test -->
