<?xml version="1.0" encoding="UTF-8"?>
<!-- Generated by org.testng.reporters.JUnitReportReporter -->
<testsuite hostname="DESKTOP-MNQ3CLO" failures="0" tests="3" name="testcases.LoginPageTest" time="46.858" errors="0" timestamp="2023-12-23T12:16:13 IST" skipped="0">
  <testcase classname="testcases.LoginPageTest" name="verifyURLOfApplicationTest" time="17.908"/>
  <system-out/>
  <testcase classname="testcases.LoginPageTest" name="loginToApplicationTest" time="14.360"/>
  <system-out>
    <![CDATA[After Login Inventory Page Should Be Come=https://www.saucedemo.com/inventory.html]]>
  </system-out>
  <testcase classname="testcases.LoginPageTest" name="verifyTitleOfApplicationTest" time="14.590"/>
  <system-out/>
</testsuite> <!-- testcases.LoginPageTest -->
