<?xml version="1.0" encoding="UTF-8"?>
<!-- Generated by org.testng.reporters.JUnitReportReporter -->
<testsuite hostname="DESKTOP-MNQ3CLO" failures="0" tests="4" name="testcases.cart_Page_Test" time="47.025" errors="0" timestamp="2023-12-26T16:39:16 IST" skipped="0">
  <testcase classname="testcases.cart_Page_Test" name="verifycartPageLableTest" time="12.604"/>
  <system-out>
    <![CDATA[Cart Page Lable=Your Cart]]>
  </system-out>
  <testcase classname="testcases.cart_Page_Test" name="verifycheckoutButtonTest" time="10.985"/>
  <system-out>
    <![CDATA[After Clicking Cheakout Button we get =https://www.saucedemo.com/checkout-step-one.html]]>
  </system-out>
  <testcase classname="testcases.cart_Page_Test" name="verifyContinueShoppingBtnTest" time="12.784"/>
  <system-out>
    <![CDATA[After Clicking ContinueShopping button we get =https://www.saucedemo.com/inventory.html]]>
  </system-out>
  <testcase classname="testcases.cart_Page_Test" name="verifycartPageURLLableTest" time="10.652"/>
  <system-out>
    <![CDATA[Current PAge URL Of The CArt_Pagehttps://www.saucedemo.com/cart.html]]>
  </system-out>
</testsuite> <!-- testcases.cart_Page_Test -->
